{"total": {"lines":{"total":812,"covered":765,"skipped":0,"pct":94.21},"statements":{"total":867,"covered":806,"skipped":0,"pct":92.96},"functions":{"total":125,"covered":118,"skipped":0,"pct":94.4},"branches":{"total":381,"covered":301,"skipped":0,"pct":79},"branchesTrue":{"total":0,"covered":0,"skipped":0,"pct":100}}
,"C:\\Users\\eduar\\OneDrive\\Documentos\\ihome-backend\\index.js": {"lines":{"total":13,"covered":12,"skipped":0,"pct":92.3},"functions":{"total":1,"covered":0,"skipped":0,"pct":0},"statements":{"total":15,"covered":12,"skipped":0,"pct":80},"branches":{"total":4,"covered":2,"skipped":0,"pct":50}}
,"C:\\Users\\eduar\\OneDrive\\Documentos\\ihome-backend\\src\\app.js": {"lines":{"total":19,"covered":16,"skipped":0,"pct":84.21},"functions":{"total":2,"covered":2,"skipped":0,"pct":100},"statements":{"total":20,"covered":16,"skipped":0,"pct":80},"branches":{"total":8,"covered":1,"skipped":0,"pct":12.5}}
,"C:\\Users\\eduar\\OneDrive\\Documentos\\ihome-backend\\src\\config\\database.js": {"lines":{"total":6,"covered":5,"skipped":0,"pct":83.33},"functions":{"total":1,"covered":0,"skipped":0,"pct":0},"statements":{"total":6,"covered":5,"skipped":0,"pct":83.33},"branches":{"total":2,"covered":1,"skipped":0,"pct":50}}
,"C:\\Users\\eduar\\OneDrive\\Documentos\\ihome-backend\\src\\config\\env.js": {"lines":{"total":12,"covered":5,"skipped":0,"pct":41.66},"functions":{"total":2,"covered":2,"skipped":0,"pct":100},"statements":{"total":14,"covered":6,"skipped":0,"pct":42.85},"branches":{"total":46,"covered":37,"skipped":0,"pct":80.43}}
,"C:\\Users\\eduar\\OneDrive\\Documentos\\ihome-backend\\src\\db\\schema.js": {"lines":{"total":21,"covered":21,"skipped":0,"pct":100},"functions":{"total":1,"covered":1,"skipped":0,"pct":100},"statements":{"total":21,"covered":21,"skipped":0,"pct":100},"branches":{"total":0,"covered":0,"skipped":0,"pct":100}}
,"C:\\Users\\eduar\\OneDrive\\Documentos\\ihome-backend\\src\\jobs\\index.js": {"lines":{"total":12,"covered":8,"skipped":0,"pct":66.66},"functions":{"total":1,"covered":1,"skipped":0,"pct":100},"statements":{"total":13,"covered":9,"skipped":0,"pct":69.23},"branches":{"total":2,"covered":1,"skipped":0,"pct":50}}
,"C:\\Users\\eduar\\OneDrive\\Documentos\\ihome-backend\\src\\jobs\\monitor.job.js": {"lines":{"total":27,"covered":27,"skipped":0,"pct":100},"functions":{"total":3,"covered":3,"skipped":0,"pct":100},"statements":{"total":27,"covered":27,"skipped":0,"pct":100},"branches":{"total":8,"covered":8,"skipped":0,"pct":100}}
,"C:\\Users\\eduar\\OneDrive\\Documentos\\ihome-backend\\src\\jobs\\scheduler.job.js": {"lines":{"total":26,"covered":24,"skipped":0,"pct":92.3},"functions":{"total":4,"covered":2,"skipped":0,"pct":50},"statements":{"total":27,"covered":25,"skipped":0,"pct":92.59},"branches":{"total":8,"covered":8,"skipped":0,"pct":100}}
,"C:\\Users\\eduar\\OneDrive\\Documentos\\ihome-backend\\src\\middleware\\auth.js": {"lines":{"total":16,"covered":15,"skipped":0,"pct":93.75},"functions":{"total":1,"covered":1,"skipped":0,"pct":100},"statements":{"total":18,"covered":16,"skipped":0,"pct":88.88},"branches":{"total":8,"covered":6,"skipped":0,"pct":75}}
,"C:\\Users\\eduar\\OneDrive\\Documentos\\ihome-backend\\src\\middleware\\security.js": {"lines":{"total":23,"covered":23,"skipped":0,"pct":100},"functions":{"total":11,"covered":11,"skipped":0,"pct":100},"statements":{"total":28,"covered":28,"skipped":0,"pct":100},"branches":{"total":9,"covered":8,"skipped":0,"pct":88.88}}
,"C:\\Users\\eduar\\OneDrive\\Documentos\\ihome-backend\\src\\routes\\ai.routes.js": {"lines":{"total":48,"covered":44,"skipped":0,"pct":91.66},"functions":{"total":4,"covered":4,"skipped":0,"pct":100},"statements":{"total":49,"covered":45,"skipped":0,"pct":91.83},"branches":{"total":18,"covered":14,"skipped":0,"pct":77.77}}
,"C:\\Users\\eduar\\OneDrive\\Documentos\\ihome-backend\\src\\routes\\alerts.routes.js": {"lines":{"total":15,"covered":15,"skipped":0,"pct":100},"functions":{"total":3,"covered":3,"skipped":0,"pct":100},"statements":{"total":15,"covered":15,"skipped":0,"pct":100},"branches":{"total":0,"covered":0,"skipped":0,"pct":100}}
,"C:\\Users\\eduar\\OneDrive\\Documentos\\ihome-backend\\src\\routes\\audit.routes.js": {"lines":{"total":38,"covered":38,"skipped":0,"pct":100},"functions":{"total":3,"covered":3,"skipped":0,"pct":100},"statements":{"total":39,"covered":39,"skipped":0,"pct":100},"branches":{"total":18,"covered":18,"skipped":0,"pct":100}}
,"C:\\Users\\eduar\\OneDrive\\Documentos\\ihome-backend\\src\\routes\\auth.routes.js": {"lines":{"total":80,"covered":79,"skipped":0,"pct":98.75},"functions":{"total":9,"covered":9,"skipped":0,"pct":100},"statements":{"total":86,"covered":84,"skipped":0,"pct":97.67},"branches":{"total":32,"covered":30,"skipped":0,"pct":93.75}}
,"C:\\Users\\eduar\\OneDrive\\Documentos\\ihome-backend\\src\\routes\\credentials.routes.js": {"lines":{"total":17,"covered":17,"skipped":0,"pct":100},"functions":{"total":2,"covered":2,"skipped":0,"pct":100},"statements":{"total":18,"covered":18,"skipped":0,"pct":100},"branches":{"total":8,"covered":7,"skipped":0,"pct":87.5}}
,"C:\\Users\\eduar\\OneDrive\\Documentos\\ihome-backend\\src\\routes\\devices.routes.js": {"lines":{"total":52,"covered":51,"skipped":0,"pct":98.07},"functions":{"total":5,"covered":5,"skipped":0,"pct":100},"statements":{"total":53,"covered":52,"skipped":0,"pct":98.11},"branches":{"total":14,"covered":8,"skipped":0,"pct":57.14}}
,"C:\\Users\\eduar\\OneDrive\\Documentos\\ihome-backend\\src\\routes\\health.routes.js": {"lines":{"total":8,"covered":8,"skipped":0,"pct":100},"functions":{"total":3,"covered":3,"skipped":0,"pct":100},"statements":{"total":10,"covered":10,"skipped":0,"pct":100},"branches":{"total":4,"covered":1,"skipped":0,"pct":25}}
,"C:\\Users\\eduar\\OneDrive\\Documentos\\ihome-backend\\src\\routes\\index.js": {"lines":{"total":25,"covered":25,"skipped":0,"pct":100},"functions":{"total":0,"covered":0,"skipped":0,"pct":100},"statements":{"total":25,"covered":25,"skipped":0,"pct":100},"branches":{"total":0,"covered":0,"skipped":0,"pct":100}}
,"C:\\Users\\eduar\\OneDrive\\Documentos\\ihome-backend\\src\\routes\\myDevices.routes.js": {"lines":{"total":37,"covered":36,"skipped":0,"pct":97.29},"functions":{"total":6,"covered":5,"skipped":0,"pct":83.33},"statements":{"total":42,"covered":40,"skipped":0,"pct":95.23},"branches":{"total":24,"covered":16,"skipped":0,"pct":66.66}}
,"C:\\Users\\eduar\\OneDrive\\Documentos\\ihome-backend\\src\\routes\\push.routes.js": {"lines":{"total":15,"covered":15,"skipped":0,"pct":100},"functions":{"total":2,"covered":2,"skipped":0,"pct":100},"statements":{"total":15,"covered":15,"skipped":0,"pct":100},"branches":{"total":0,"covered":0,"skipped":0,"pct":100}}
,"C:\\Users\\eduar\\OneDrive\\Documentos\\ihome-backend\\src\\routes\\schedules.routes.js": {"lines":{"total":12,"covered":12,"skipped":0,"pct":100},"functions":{"total":2,"covered":2,"skipped":0,"pct":100},"statements":{"total":12,"covered":12,"skipped":0,"pct":100},"branches":{"total":0,"covered":0,"skipped":0,"pct":100}}
,"C:\\Users\\eduar\\OneDrive\\Documentos\\ihome-backend\\src\\routes\\shares.routes.js": {"lines":{"total":48,"covered":45,"skipped":0,"pct":93.75},"functions":{"total":7,"covered":7,"skipped":0,"pct":100},"statements":{"total":51,"covered":47,"skipped":0,"pct":92.15},"branches":{"total":12,"covered":10,"skipped":0,"pct":83.33}}
,"C:\\Users\\eduar\\OneDrive\\Documentos\\ihome-backend\\src\\services\\ai.service.js": {"lines":{"total":19,"covered":17,"skipped":0,"pct":89.47},"functions":{"total":6,"covered":6,"skipped":0,"pct":100},"statements":{"total":21,"covered":18,"skipped":0,"pct":85.71},"branches":{"total":12,"covered":6,"skipped":0,"pct":50}}
,"C:\\Users\\eduar\\OneDrive\\Documentos\\ihome-backend\\src\\services\\audit.service.js": {"lines":{"total":23,"covered":23,"skipped":0,"pct":100},"functions":{"total":4,"covered":4,"skipped":0,"pct":100},"statements":{"total":27,"covered":26,"skipped":0,"pct":96.29},"branches":{"total":32,"covered":24,"skipped":0,"pct":75}}
,"C:\\Users\\eduar\\OneDrive\\Documentos\\ihome-backend\\src\\services\\auth.service.js": {"lines":{"total":55,"covered":53,"skipped":0,"pct":96.36},"functions":{"total":16,"covered":15,"skipped":0,"pct":93.75},"statements":{"total":60,"covered":56,"skipped":0,"pct":93.33},"branches":{"total":30,"covered":26,"skipped":0,"pct":86.66}}
,"C:\\Users\\eduar\\OneDrive\\Documentos\\ihome-backend\\src\\services\\crypto.service.js": {"lines":{"total":38,"covered":38,"skipped":0,"pct":100},"functions":{"total":5,"covered":5,"skipped":0,"pct":100},"statements":{"total":44,"covered":44,"skipped":0,"pct":100},"branches":{"total":24,"covered":24,"skipped":0,"pct":100}}
,"C:\\Users\\eduar\\OneDrive\\Documentos\\ihome-backend\\src\\services\\mail.service.js": {"lines":{"total":16,"covered":16,"skipped":0,"pct":100},"functions":{"total":6,"covered":6,"skipped":0,"pct":100},"statements":{"total":16,"covered":16,"skipped":0,"pct":100},"branches":{"total":6,"covered":4,"skipped":0,"pct":66.66}}
,"C:\\Users\\eduar\\OneDrive\\Documentos\\ihome-backend\\src\\services\\push.service.js": {"lines":{"total":22,"covered":12,"skipped":0,"pct":54.54},"functions":{"total":2,"covered":2,"skipped":0,"pct":100},"statements":{"total":22,"covered":12,"skipped":0,"pct":54.54},"branches":{"total":8,"covered":3,"skipped":0,"pct":37.5}}
,"C:\\Users\\eduar\\OneDrive\\Documentos\\ihome-backend\\src\\services\\sharing.service.js": {"lines":{"total":16,"covered":16,"skipped":0,"pct":100},"functions":{"total":1,"covered":1,"skipped":0,"pct":100},"statements":{"total":16,"covered":16,"skipped":0,"pct":100},"branches":{"total":11,"covered":10,"skipped":0,"pct":90.9}}
,"C:\\Users\\eduar\\OneDrive\\Documentos\\ihome-backend\\src\\services\\tuya.service.js": {"lines":{"total":33,"covered":32,"skipped":0,"pct":96.96},"functions":{"total":5,"covered":5,"skipped":0,"pct":100},"statements":{"total":34,"covered":32,"skipped":0,"pct":94.11},"branches":{"total":17,"covered":14,"skipped":0,"pct":82.35}}
,"C:\\Users\\eduar\\OneDrive\\Documentos\\ihome-backend\\src\\utils\\email.js": {"lines":{"total":7,"covered":7,"skipped":0,"pct":100},"functions":{"total":2,"covered":2,"skipped":0,"pct":100},"statements":{"total":9,"covered":9,"skipped":0,"pct":100},"branches":{"total":6,"covered":6,"skipped":0,"pct":100}}
,"C:\\Users\\eduar\\OneDrive\\Documentos\\ihome-backend\\src\\utils\\http.js": {"lines":{"total":13,"covered":10,"skipped":0,"pct":76.92},"functions":{"total":5,"covered":4,"skipped":0,"pct":80},"statements":{"total":14,"covered":10,"skipped":0,"pct":71.42},"branches":{"total":10,"covered":8,"skipped":0,"pct":80}}
}
