TN:
SF:index.js
FN:37,(anonymous_0)
FNF:1
FNH:0
FNDA:0,(anonymous_0)
DA:19,4
DA:21,4
DA:22,4
DA:23,4
DA:24,4
DA:25,4
DA:29,4
DA:30,4
DA:33,4
DA:36,4
DA:37,0
DA:41,4
DA:55,4
LF:13
LH:12
BRDA:19,0,0,0
BRDA:19,0,1,4
BRDA:36,1,0,0
BRDA:36,1,1,4
BRF:4
BRH:2
end_of_record
TN:
SF:src\app.js
FN:52,(anonymous_0)
FN:59,(anonymous_1)
FNF:2
FNH:2
FNDA:3,(anonymous_0)
FNDA:1,(anonymous_1)
DA:9,4
DA:10,4
DA:11,4
DA:13,4
DA:30,4
DA:34,4
DA:37,4
DA:41,4
DA:45,4
DA:48,4
DA:52,4
DA:53,3
DA:59,4
DA:62,1
DA:63,1
DA:66,0
DA:67,0
DA:68,0
DA:71,4
LF:19
LH:16
BRDA:62,0,0,1
BRDA:62,0,1,0
BRDA:67,1,0,0
BRDA:67,1,1,0
BRDA:68,2,0,0
BRDA:68,2,1,0
BRDA:68,3,0,0
BRDA:68,3,1,0
BRF:8
BRH:1
end_of_record
TN:
SF:src\config\database.js
FN:28,(anonymous_0)
FNF:1
FNH:0
FNDA:0,(anonymous_0)
DA:9,6
DA:10,6
DA:12,6
DA:28,6
DA:29,0
DA:32,6
LF:6
LH:5
BRDA:21,0,0,0
BRDA:21,0,1,6
BRF:2
BRH:1
end_of_record
TN:
SF:src\config\env.js
FN:65,(anonymous_0)
FN:84,checkEnv
FNF:2
FNH:2
FNDA:8,(anonymous_0)
FNDA:4,checkEnv
DA:9,8
DA:11,8
DA:65,8
DA:85,4
DA:87,0
DA:88,0
DA:90,0
DA:91,0
DA:93,0
DA:99,0
DA:100,0
DA:104,8
LF:12
LH:5
BRDA:13,0,0,8
BRDA:13,0,1,0
BRDA:14,1,0,8
BRDA:14,1,1,0
BRDA:26,2,0,8
BRDA:26,2,1,8
BRDA:28,3,0,8
BRDA:28,3,1,8
BRDA:32,4,0,8
BRDA:32,4,1,7
BRDA:34,5,0,8
BRDA:34,5,1,8
BRDA:35,6,0,8
BRDA:35,6,1,8
BRDA:46,7,0,8
BRDA:46,7,1,8
BRDA:47,8,0,8
BRDA:47,8,1,7
BRDA:56,9,0,8
BRDA:56,9,1,8
BRDA:60,10,0,8
BRDA:60,10,1,8
BRDA:64,11,0,8
BRDA:64,11,1,7
BRDA:68,12,0,8
BRDA:68,12,1,8
BRDA:69,13,0,8
BRDA:69,13,1,8
BRDA:70,14,0,8
BRDA:70,14,1,8
BRDA:71,15,0,8
BRDA:71,15,1,8
BRDA:74,16,0,8
BRDA:74,16,1,8
BRDA:75,17,0,8
BRDA:75,17,1,8
BRDA:76,18,0,8
BRDA:76,18,1,7
BRDA:85,19,0,4
BRDA:85,19,1,0
BRDA:87,20,0,0
BRDA:87,20,1,0
BRDA:90,21,0,0
BRDA:90,21,1,0
BRDA:100,22,0,0
BRDA:100,22,1,0
BRF:46
BRH:37
end_of_record
TN:
SF:src\db\schema.js
FN:11,initDB
FNF:1
FNH:1
FNDA:2,initDB
DA:9,5
DA:22,2
DA:46,2
DA:56,2
DA:61,2
DA:72,2
DA:78,2
DA:92,2
DA:106,2
DA:120,2
DA:137,2
DA:152,2
DA:165,2
DA:166,2
DA:169,2
DA:174,2
DA:187,2
DA:206,2
DA:207,2
DA:209,2
DA:212,5
LF:21
LH:21
BRF:0
BRH:0
end_of_record
TN:
SF:src\jobs\index.js
FN:18,startBackgroundJobs
FNF:1
FNH:1
FNDA:4,startBackgroundJobs
DA:10,4
DA:11,4
DA:12,4
DA:13,4
DA:15,4
DA:16,4
DA:19,4
DA:22,0
DA:26,0
DA:29,0
DA:31,0
DA:34,4
LF:12
LH:8
BRDA:19,0,0,4
BRDA:19,0,1,0
BRF:2
BRH:1
end_of_record
TN:
SF:src\jobs\monitor.job.js
FN:18,emitirAlerta
FN:27,atualizarCache
FN:36,monitorDevices
FNF:3
FNH:3
FNDA:3,emitirAlerta
FNDA:4,atualizarCache
FNDA:8,monitorDevices
DA:13,5
DA:14,5
DA:15,5
DA:19,3
DA:23,3
DA:28,4
DA:37,8
DA:40,8
DA:44,7
DA:46,7
DA:47,7
DA:48,5
DA:49,5
DA:51,5
DA:52,5
DA:54,5
DA:56,2
DA:62,2
DA:63,1
DA:68,2
DA:71,3
DA:77,3
DA:78,2
DA:82,2
DA:87,2
DA:91,1
DA:95,5
LF:27
LH:27
BRDA:62,0,0,1
BRDA:62,0,1,1
BRDA:62,1,0,2
BRDA:62,1,1,2
BRDA:77,2,0,2
BRDA:77,2,1,1
BRDA:77,3,0,3
BRDA:77,3,1,2
BRF:8
BRH:8
end_of_record
TN:
SF:src\jobs\scheduler.job.js
FN:17,horaAtual
FN:22,runSchedules
FN:53,(anonymous_2)
FN:62,(anonymous_3)
FNF:4
FNH:2
FNDA:9,horaAtual
FNDA:5,runSchedules
FNDA:0,(anonymous_2)
FNDA:0,(anonymous_3)
DA:12,5
DA:13,5
DA:14,5
DA:18,9
DA:19,9
DA:23,5
DA:24,5
DA:28,5
DA:35,4
DA:36,4
DA:37,4
DA:38,4
DA:41,3
DA:42,3
DA:44,1
DA:45,1
DA:48,2
DA:49,1
DA:53,0
DA:54,1
DA:57,2
DA:58,1
DA:62,0
DA:63,1
DA:67,1
DA:71,5
LF:26
LH:24
BRDA:38,0,0,1
BRDA:38,0,1,3
BRDA:38,1,0,4
BRDA:38,1,1,2
BRDA:48,2,0,1
BRDA:48,2,1,1
BRDA:57,3,0,1
BRDA:57,3,1,1
BRF:8
BRH:8
end_of_record
TN:
SF:src\middleware\auth.js
FN:26,authMiddleware
FNF:1
FNH:1
FNDA:89,authMiddleware
DA:23,4
DA:24,4
DA:27,89
DA:28,89
DA:31,85
DA:32,85
DA:34,85
DA:35,85
DA:36,82
DA:40,82
DA:41,0
DA:43,82
DA:48,3
DA:49,1
DA:51,2
DA:55,4
LF:16
LH:15
BRDA:28,0,0,4
BRDA:28,0,1,85
BRDA:32,1,0,0
BRDA:32,1,1,85
BRDA:40,2,0,0
BRDA:40,2,1,82
BRDA:48,3,0,1
BRDA:48,3,1,2
BRF:8
BRH:6
end_of_record
TN:
SF:src\middleware\security.js
FN:42,securityHeaders
FN:65,origensPermitidas
FN:77,corsRestrito
FN:81,(anonymous_3)
FN:110,criarLimitador
FN:123,(anonymous_5)
FN:132,(anonymous_6)
FN:134,(anonymous_7)
FN:147,(anonymous_8)
FN:162,(anonymous_9)
FN:175,(anonymous_10)
FNF:11
FNH:11
FNDA:4,securityHeaders
FNDA:6,origensPermitidas
FNDA:4,corsRestrito
FNDA:157,(anonymous_3)
FNDA:16,criarLimitador
FNDA:200,(anonymous_5)
FNDA:13,(anonymous_6)
FNDA:2,(anonymous_7)
FNDA:4,(anonymous_8)
FNDA:4,(anonymous_9)
FNDA:4,(anonymous_10)
DA:14,4
DA:15,4
DA:16,4
DA:17,4
DA:43,4
DA:66,6
DA:69,6
DA:70,6
DA:74,6
DA:78,4
DA:80,4
DA:85,157
DA:87,2
DA:89,1
DA:90,1
DA:111,16
DA:123,200
DA:132,13
DA:135,2
DA:147,4
DA:162,4
DA:175,4
DA:180,4
LF:23
LH:23
BRDA:69,0,0,6
BRDA:69,0,1,0
BRDA:85,1,0,155
BRDA:85,1,1,2
BRDA:87,2,0,1
BRDA:87,2,1,1
BRDA:110,3,0,9
BRDA:132,4,0,13
BRDA:132,4,1,13
BRF:9
BRH:8
end_of_record
TN:
SF:src\routes\ai.routes.js
FN:20,switchCommand
FN:29,(anonymous_1)
FN:97,(anonymous_2)
FN:102,(anonymous_3)
FNF:4
FNH:4
FNDA:2,switchCommand
FNDA:7,(anonymous_1)
FNDA:2,(anonymous_2)
FNDA:1,(anonymous_3)
DA:8,4
DA:9,4
DA:10,4
DA:11,4
DA:12,4
DA:13,4
DA:14,4
DA:15,4
DA:17,4
DA:21,2
DA:29,4
DA:30,7
DA:31,7
DA:34,6
DA:38,6
DA:40,6
DA:41,1
DA:47,5
DA:48,5
DA:50,1
DA:51,1
DA:55,4
DA:59,1
DA:60,1
DA:61,0
DA:64,1
DA:65,1
DA:66,1
DA:67,1
DA:72,1
DA:79,0
DA:85,0
DA:87,1
DA:91,3
DA:92,1
DA:93,1
DA:97,1
DA:98,2
DA:105,1
DA:113,1
DA:117,2
DA:118,1
DA:119,1
DA:120,0
DA:122,1
DA:126,1
DA:130,1
DA:133,4
LF:48
LH:44
BRDA:31,0,0,1
BRDA:31,0,1,6
BRDA:40,1,0,1
BRDA:40,1,1,5
BRDA:55,2,0,1
BRDA:55,2,1,3
BRDA:60,3,0,0
BRDA:60,3,1,1
BRDA:91,4,0,1
BRDA:91,4,1,2
BRDA:117,5,0,1
BRDA:117,5,1,1
BRDA:119,6,0,0
BRDA:119,6,1,1
BRDA:124,7,0,1
BRDA:124,7,1,0
BRDA:124,8,0,1
BRDA:124,8,1,0
BRF:18
BRH:14
end_of_record
TN:
SF:src\routes\alerts.routes.js
FN:15,(anonymous_0)
FN:25,(anonymous_1)
FN:30,(anonymous_2)
FNF:3
FNH:3
FNDA:3,(anonymous_0)
FNDA:2,(anonymous_1)
FNDA:1,(anonymous_2)
DA:6,4
DA:7,4
DA:8,4
DA:9,4
DA:11,4
DA:15,4
DA:16,3
DA:20,2
DA:25,4
DA:26,2
DA:27,1
DA:30,4
DA:31,1
DA:32,1
DA:35,4
LF:15
LH:15
BRF:0
BRH:0
end_of_record
TN:
SF:src\routes\audit.routes.js
FN:29,(anonymous_0)
FN:35,(anonymous_1)
FN:47,(anonymous_2)
FNF:3
FNH:3
FNDA:2,(anonymous_0)
FNDA:2,(anonymous_1)
FNDA:10,(anonymous_2)
DA:9,4
DA:10,4
DA:11,4
DA:12,4
DA:13,4
DA:15,4
DA:19,4
DA:20,4
DA:29,4
DA:30,2
DA:35,2
DA:47,4
DA:48,10
DA:49,10
DA:50,10
DA:53,10
DA:54,10
DA:56,10
DA:57,1
DA:58,1
DA:62,10
DA:63,1
DA:64,1
DA:66,10
DA:67,1
DA:68,1
DA:70,10
DA:73,1
DA:74,1
DA:76,10
DA:77,1
DA:78,1
DA:79,1
DA:84,10
DA:89,9
DA:90,9
DA:100,9
DA:103,4
LF:38
LH:38
BRDA:49,0,0,10
BRDA:49,0,1,9
BRDA:50,1,0,10
BRDA:50,1,1,9
BRDA:56,2,0,1
BRDA:56,2,1,9
BRDA:62,3,0,1
BRDA:62,3,1,9
BRDA:62,4,0,10
BRDA:62,4,1,2
BRDA:66,5,0,1
BRDA:66,5,1,9
BRDA:70,6,0,1
BRDA:70,6,1,9
BRDA:76,7,0,1
BRDA:76,7,1,9
BRDA:100,8,0,9
BRDA:100,8,1,8
BRF:18
BRH:18
end_of_record
TN:
SF:src\routes\auth.routes.js
FN:32,respostaDeSessao
FN:49,(anonymous_1)
FN:102,(anonymous_2)
FN:123,(anonymous_3)
FN:134,(anonymous_4)
FN:147,(anonymous_5)
FN:171,(anonymous_6)
FN:197,(anonymous_7)
FN:206,(anonymous_8)
FNF:9
FNH:9
FNDA:10,respostaDeSessao
FNDA:8,(anonymous_1)
FNDA:21,(anonymous_2)
FNDA:6,(anonymous_3)
FNDA:2,(anonymous_4)
FNDA:4,(anonymous_5)
FNDA:4,(anonymous_6)
FNDA:2,(anonymous_7)
FNDA:1,(anonymous_8)
DA:10,4
DA:11,4
DA:12,4
DA:13,4
DA:14,4
DA:15,4
DA:16,4
DA:17,4
DA:18,4
DA:20,4
DA:29,4
DA:33,10
DA:49,4
DA:50,8
DA:51,8
DA:53,8
DA:54,1
DA:56,7
DA:57,7
DA:59,6
DA:60,6
DA:61,1
DA:64,5
DA:65,5
DA:77,5
DA:81,5
DA:82,5
DA:83,5
DA:85,1
DA:90,5
DA:91,5
DA:92,5
DA:102,4
DA:103,21
DA:104,21
DA:106,21
DA:107,21
DA:109,21
DA:110,18
DA:113,3
DA:114,3
DA:115,3
DA:123,4
DA:124,6
DA:125,6
DA:127,2
DA:134,4
DA:135,2
DA:136,2
DA:147,4
DA:148,4
DA:149,4
DA:151,4
DA:152,4
DA:154,2
DA:155,2
DA:156,2
DA:158,0
DA:161,2
DA:171,4
DA:172,4
DA:174,4
DA:175,4
DA:177,3
DA:178,3
DA:179,1
DA:182,2
DA:183,2
DA:187,2
DA:189,2
DA:197,4
DA:198,2
DA:199,2
DA:201,1
DA:202,1
DA:206,4
DA:207,1
DA:208,1
DA:209,1
DA:212,4
LF:80
LH:79
BRDA:53,0,0,1
BRDA:53,0,1,7
BRDA:53,1,0,8
BRDA:53,1,1,8
BRDA:57,2,0,1
BRDA:57,2,1,6
BRDA:60,3,0,1
BRDA:60,3,1,5
BRDA:71,4,0,5
BRDA:71,4,1,4
BRDA:73,5,0,2
BRDA:73,5,1,3
BRDA:74,6,0,2
BRDA:74,6,1,3
BRDA:107,7,0,21
BRDA:107,7,1,0
BRDA:109,8,0,18
BRDA:109,8,1,3
BRDA:109,9,0,21
BRDA:109,9,1,5
BRDA:125,10,0,4
BRDA:125,10,1,2
BRDA:152,11,0,2
BRDA:152,11,1,2
BRDA:175,12,0,1
BRDA:175,12,1,3
BRDA:178,13,0,1
BRDA:178,13,1,2
BRDA:199,14,0,1
BRDA:199,14,1,1
BRDA:208,15,0,0
BRDA:208,15,1,1
BRF:32
BRH:30
end_of_record
TN:
SF:src\routes\credentials.routes.js
FN:23,(anonymous_0)
FN:41,(anonymous_1)
FNF:2
FNH:2
FNDA:3,(anonymous_0)
FNDA:3,(anonymous_1)
DA:8,4
DA:9,4
DA:10,4
DA:11,4
DA:12,4
DA:14,4
DA:23,4
DA:24,3
DA:28,2
DA:29,1
DA:41,4
DA:42,3
DA:43,3
DA:44,2
DA:47,1
DA:59,1
DA:62,4
LF:17
LH:17
BRDA:28,0,0,1
BRDA:28,0,1,1
BRDA:43,1,0,2
BRDA:43,1,1,1
BRDA:43,2,0,3
BRDA:43,2,1,2
BRDA:56,3,0,1
BRDA:56,3,1,0
BRF:8
BRH:7
end_of_record
TN:
SF:src\routes\devices.routes.js
FN:26,(anonymous_0)
FN:43,(anonymous_1)
FN:53,(anonymous_2)
FN:75,(anonymous_3)
FN:154,(anonymous_4)
FNF:5
FNH:5
FNDA:4,(anonymous_0)
FNDA:2,(anonymous_1)
FNDA:1,(anonymous_2)
FNDA:12,(anonymous_3)
FNDA:1,(anonymous_4)
DA:8,4
DA:9,4
DA:10,4
DA:11,4
DA:12,4
DA:13,4
DA:14,4
DA:16,4
DA:26,4
DA:28,4
DA:29,4
DA:32,1
DA:33,1
DA:36,3
DA:38,3
DA:43,3
DA:45,2
DA:49,2
DA:50,2
DA:52,1
DA:53,1
DA:54,1
DA:56,1
DA:60,3
DA:75,4
DA:76,12
DA:77,12
DA:80,12
DA:86,12
DA:88,12
DA:90,12
DA:91,12
DA:98,12
DA:99,12
DA:103,12
DA:106,12
DA:110,4
DA:115,4
DA:119,8
DA:122,6
DA:130,5
DA:136,5
DA:139,3
DA:144,3
DA:154,4
DA:155,1
DA:156,1
DA:157,0
DA:160,1
DA:161,1
DA:166,1
DA:169,4
LF:52
LH:51
BRDA:32,0,0,1
BRDA:32,0,1,0
BRDA:53,1,0,1
BRDA:53,1,1,0
BRDA:103,2,0,12
BRDA:103,2,1,5
BRDA:106,3,0,4
BRDA:106,3,1,8
BRDA:115,4,0,4
BRDA:115,4,1,0
BRDA:156,5,0,0
BRDA:156,5,1,1
BRDA:157,6,0,0
BRDA:157,6,1,0
BRF:14
BRH:8
end_of_record
TN:
SF:src\routes\health.routes.js
FN:12,(anonymous_0)
FN:15,(anonymous_1)
FN:19,(anonymous_2)
FNF:3
FNH:3
FNDA:1,(anonymous_0)
FNDA:7,(anonymous_1)
FNDA:1,(anonymous_2)
DA:6,4
DA:7,4
DA:9,4
DA:12,4
DA:15,7
DA:19,4
DA:20,1
DA:23,4
LF:8
LH:8
BRDA:20,0,0,0
BRDA:20,0,1,1
BRDA:20,1,0,0
BRDA:20,1,1,0
BRF:4
BRH:1
end_of_record
TN:
SF:src\routes\index.js
FNF:0
FNH:0
DA:8,4
DA:10,4
DA:11,4
DA:12,4
DA:13,4
DA:14,4
DA:15,4
DA:16,4
DA:17,4
DA:18,4
DA:19,4
DA:20,4
DA:22,4
DA:24,4
DA:25,4
DA:26,4
DA:27,4
DA:28,4
DA:29,4
DA:30,4
DA:31,4
DA:32,4
DA:33,4
DA:34,4
DA:36,4
LF:25
LH:25
BRF:0
BRH:0
end_of_record
TN:
SF:src\routes\myDevices.routes.js
FN:27,(anonymous_0)
FN:46,(anonymous_1)
FN:66,(anonymous_2)
FN:81,(anonymous_3)
FN:99,(anonymous_4)
FN:101,(anonymous_5)
FNF:6
FNH:5
FNDA:4,(anonymous_0)
FNDA:4,(anonymous_1)
FNDA:2,(anonymous_2)
FNDA:3,(anonymous_3)
FNDA:0,(anonymous_4)
FNDA:1,(anonymous_5)
DA:8,4
DA:9,4
DA:10,4
DA:11,4
DA:12,4
DA:14,4
DA:27,4
DA:28,4
DA:33,3
DA:42,3
DA:46,4
DA:47,4
DA:48,4
DA:49,2
DA:52,2
DA:56,1
DA:66,4
DA:67,2
DA:71,2
DA:81,4
DA:82,3
DA:83,2
DA:85,2
DA:86,2
DA:87,2
DA:88,2
DA:89,2
DA:90,2
DA:91,2
DA:92,1
DA:93,1
DA:94,0
DA:98,2
DA:99,2
DA:101,2
DA:110,2
DA:113,4
LF:37
LH:36
BRDA:48,0,0,2
BRDA:48,0,1,2
BRDA:48,1,0,4
BRDA:48,1,1,3
BRDA:54,2,0,2
BRDA:54,2,1,1
BRDA:88,3,0,0
BRDA:88,3,1,2
BRDA:90,4,0,2
BRDA:90,4,1,0
BRDA:90,4,2,0
BRDA:91,5,0,1
BRDA:91,5,1,1
BRDA:91,6,0,2
BRDA:91,6,1,2
BRDA:93,7,0,1
BRDA:93,7,1,0
BRDA:103,8,0,1
BRDA:103,8,1,0
BRDA:103,8,2,0
BRDA:105,9,0,1
BRDA:105,9,1,0
BRDA:106,10,0,1
BRDA:106,10,1,0
BRF:24
BRH:16
end_of_record
TN:
SF:src\routes\push.routes.js
FN:22,(anonymous_0)
FN:38,(anonymous_1)
FNF:2
FNH:2
FNDA:2,(anonymous_0)
FNDA:1,(anonymous_1)
DA:7,4
DA:8,4
DA:9,4
DA:10,4
DA:12,4
DA:22,4
DA:23,2
DA:25,2
DA:29,1
DA:34,1
DA:38,4
DA:39,1
DA:40,1
DA:44,1
DA:47,4
LF:15
LH:15
BRF:0
BRH:0
end_of_record
TN:
SF:src\routes\schedules.routes.js
FN:13,(anonymous_0)
FN:21,(anonymous_1)
FNF:2
FNH:2
FNDA:3,(anonymous_0)
FNDA:3,(anonymous_1)
DA:6,4
DA:7,4
DA:8,4
DA:9,4
DA:11,4
DA:13,4
DA:14,3
DA:18,2
DA:21,4
DA:22,3
DA:26,2
DA:29,4
LF:12
LH:12
BRF:0
BRH:0
end_of_record
TN:
SF:src\routes\shares.routes.js
FN:27,(anonymous_0)
FN:40,(anonymous_1)
FN:64,(anonymous_2)
FN:112,(anonymous_3)
FN:134,(anonymous_4)
FN:143,(anonymous_5)
FN:152,(anonymous_6)
FNF:7
FNH:7
FNDA:2,(anonymous_0)
FNDA:2,(anonymous_1)
FNDA:5,(anonymous_2)
FNDA:7,(anonymous_3)
FNDA:1,(anonymous_4)
FNDA:1,(anonymous_5)
FNDA:1,(anonymous_6)
DA:14,4
DA:15,4
DA:16,4
DA:17,4
DA:18,4
DA:19,4
DA:20,4
DA:21,4
DA:22,4
DA:24,4
DA:27,4
DA:28,2
DA:32,1
DA:40,4
DA:41,2
DA:49,1
DA:64,4
DA:65,5
DA:66,5
DA:68,5
DA:69,4
DA:70,4
DA:71,3
DA:72,0
DA:76,3
DA:77,3
DA:81,3
DA:92,3
DA:93,3
DA:94,3
DA:98,0
DA:99,0
DA:102,3
DA:112,4
DA:116,7
DA:125,7
DA:128,4
DA:130,3
DA:134,4
DA:135,1
DA:139,1
DA:143,4
DA:144,1
DA:148,1
DA:152,4
DA:153,1
DA:157,1
DA:160,4
LF:48
LH:45
BRDA:66,0,0,5
BRDA:66,0,1,2
BRDA:68,1,0,1
BRDA:68,1,1,4
BRDA:69,2,0,0
BRDA:69,2,1,4
BRDA:70,3,0,1
BRDA:70,3,1,3
BRDA:71,4,0,0
BRDA:71,4,1,3
BRDA:125,5,0,4
BRDA:125,5,1,3
BRF:12
BRH:10
end_of_record
TN:
SF:src\services\ai.service.js
FN:28,buildPrompt
FN:30,(anonymous_1)
FN:70,parseModelResponse
FN:91,interpretCommand
FN:117,resolveDevice
FN:119,(anonymous_5)
FNF:6
FNH:6
FNDA:5,buildPrompt
FNDA:6,(anonymous_1)
FNDA:4,parseModelResponse
FNDA:5,interpretCommand
FNDA:2,resolveDevice
FNDA:2,(anonymous_5)
DA:17,4
DA:18,4
DA:21,4
DA:29,5
DA:30,6
DA:33,5
DA:71,4
DA:75,4
DA:77,4
DA:78,0
DA:80,4
DA:92,5
DA:93,0
DA:96,5
DA:104,4
DA:105,4
DA:118,2
DA:119,2
DA:122,4
LF:19
LH:17
BRDA:30,0,0,6
BRDA:30,0,1,0
BRDA:71,1,0,4
BRDA:71,1,1,0
BRDA:77,2,0,0
BRDA:77,2,1,4
BRDA:92,3,0,0
BRDA:92,3,1,5
BRDA:118,4,0,0
BRDA:118,4,1,2
BRDA:119,5,0,2
BRDA:119,5,1,0
BRF:12
BRH:6
end_of_record
TN:
SF:src\services\audit.service.js
FN:39,recordAudit
FN:87,describeCommands
FN:89,(anonymous_2)
FN:105,purgeAuditLog
FNF:4
FNH:4
FNDA:14,recordAudit
FNDA:19,describeCommands
FNDA:17,(anonymous_2)
FNDA:2,purgeAuditLog
DA:8,4
DA:9,4
DA:10,4
DA:23,4
DA:26,4
DA:48,14
DA:49,14
DA:51,14
DA:53,14
DA:55,14
DA:76,1
DA:88,19
DA:89,17
DA:90,17
DA:91,16
DA:92,4
DA:94,1
DA:106,2
DA:107,2
DA:111,1
DA:112,1
DA:115,1
DA:119,4
LF:23
LH:23
BRDA:42,0,0,1
BRDA:43,1,0,1
BRDA:44,2,0,0
BRDA:45,3,0,0
BRDA:46,4,0,7
BRDA:51,5,0,0
BRDA:51,5,1,14
BRDA:51,6,0,14
BRDA:51,6,1,14
BRDA:51,6,2,14
BRDA:53,7,0,14
BRDA:53,7,1,14
BRDA:66,8,0,14
BRDA:66,8,1,0
BRDA:67,9,0,14
BRDA:67,9,1,0
BRDA:72,10,0,0
BRDA:72,10,1,14
BRDA:88,11,0,2
BRDA:88,11,1,17
BRDA:88,12,0,19
BRDA:88,12,1,18
BRDA:90,13,0,16
BRDA:90,13,1,1
BRDA:90,14,0,17
BRDA:90,14,1,1
BRDA:91,15,0,12
BRDA:91,15,1,4
BRDA:92,16,0,4
BRDA:92,16,1,0
BRDA:111,17,0,1
BRDA:111,17,1,0
BRF:32
BRH:24
end_of_record
TN:
SF:src\services\auth.service.js
FN:60,hashPassword
FN:65,verifyPassword
FN:74,validarSenha
FN:88,gerarTokenOpaco
FN:93,hashToken
FN:104,signAccessToken
FN:113,verifyAccessToken
FN:122,emitirRefreshToken
FN:138,rotacionarRefreshToken
FN:182,revogarRefreshToken
FN:191,revogarTodosDoUsuario
FN:205,emitirTokenDeUsoUnico
FN:231,consumirTokenDeUsoUnico
FN:247,buscarPorEmail
FN:255,buscarPorId
FN:264,usuarioPublico
FNF:16
FNH:15
FNDA:10,hashPassword
FNDA:24,verifyPassword
FNDA:15,validarSenha
FNDA:19,gerarTokenOpaco
FNDA:28,hashToken
FNDA:10,signAccessToken
FNDA:85,verifyAccessToken
FNDA:10,emitirRefreshToken
FNDA:6,rotacionarRefreshToken
FNDA:2,revogarRefreshToken
FNDA:3,revogarTodosDoUsuario
FNDA:7,emitirTokenDeUsoUnico
FNDA:5,consumirTokenDeUsoUnico
FNDA:32,buscarPorEmail
FNDA:0,buscarPorId
FNDA:13,usuarioPublico
DA:39,4
DA:40,4
DA:41,4
DA:42,4
DA:43,4
DA:44,4
DA:55,4
DA:61,10
DA:66,24
DA:75,15
DA:76,4
DA:78,11
DA:80,1
DA:82,10
DA:89,19
DA:94,28
DA:105,10
DA:114,85
DA:123,10
DA:124,10
DA:126,10
DA:130,10
DA:139,6
DA:141,5
DA:149,5
DA:150,1
DA:153,4
DA:160,4
DA:161,1
DA:162,1
DA:165,3
DA:166,1
DA:170,2
DA:172,2
DA:173,2
DA:183,2
DA:184,1
DA:192,3
DA:206,7
DA:211,7
DA:212,7
DA:214,7
DA:218,7
DA:232,5
DA:234,5
DA:241,5
DA:248,32
DA:249,32
DA:250,32
DA:251,32
DA:256,0
DA:257,0
DA:265,13
DA:266,12
DA:276,4
LF:55
LH:53
BRDA:66,0,0,24
BRDA:66,0,1,17
BRDA:75,1,0,4
BRDA:75,1,1,11
BRDA:75,2,0,15
BRDA:75,2,1,14
BRDA:78,3,0,1
BRDA:78,3,1,10
BRDA:139,4,0,1
BRDA:139,4,1,5
BRDA:149,5,0,1
BRDA:149,5,1,4
BRDA:160,6,0,1
BRDA:160,6,1,3
BRDA:165,7,0,1
BRDA:165,7,1,2
BRDA:183,8,0,1
BRDA:183,8,1,1
BRDA:232,9,0,0
BRDA:232,9,1,5
BRDA:241,10,0,5
BRDA:241,10,1,2
BRDA:249,11,0,0
BRDA:249,11,1,32
BRDA:251,12,0,32
BRDA:251,12,1,23
BRDA:257,13,0,0
BRDA:257,13,1,0
BRDA:265,14,0,1
BRDA:265,14,1,12
BRF:30
BRH:26
end_of_record
TN:
SF:src\services\crypto.service.js
FN:35,obterChave
FN:46,isEncryptionEnabled
FN:55,isEncrypted
FN:65,encrypt
FN:87,decrypt
FNF:5
FNH:5
FNDA:18,obterChave
FNDA:3,isEncryptionEnabled
FNDA:31,isEncrypted
FNDA:9,encrypt
FNDA:32,decrypt
DA:22,8
DA:23,8
DA:25,8
DA:26,8
DA:27,8
DA:28,8
DA:36,18
DA:37,18
DA:38,13
DA:39,1
DA:40,1
DA:42,12
DA:47,3
DA:56,31
DA:66,9
DA:67,7
DA:68,7
DA:70,5
DA:71,5
DA:72,5
DA:73,5
DA:75,5
DA:88,32
DA:89,30
DA:91,8
DA:92,8
DA:93,2
DA:96,6
DA:97,6
DA:99,5
DA:100,5
DA:101,5
DA:102,5
DA:103,1
DA:106,4
DA:107,4
DA:108,4
DA:114,8
LF:38
LH:38
BRDA:37,0,0,5
BRDA:37,0,1,13
BRDA:38,1,0,1
BRDA:38,1,1,12
BRDA:56,2,0,31
BRDA:56,2,1,31
BRDA:66,3,0,2
BRDA:66,3,1,7
BRDA:66,4,0,9
BRDA:66,4,1,8
BRDA:68,5,0,2
BRDA:68,5,1,5
BRDA:88,6,0,2
BRDA:88,6,1,30
BRDA:89,7,0,22
BRDA:89,7,1,8
BRDA:92,8,0,2
BRDA:92,8,1,6
BRDA:97,9,0,1
BRDA:97,9,1,5
BRDA:102,10,0,1
BRDA:102,10,1,4
BRDA:102,11,0,5
BRDA:102,11,1,4
BRF:24
BRH:24
end_of_record
TN:
SF:src\services\mail.service.js
FN:28,buildInviteHtml
FN:74,sendInviteEmail
FN:87,layout
FN:113,botao
FN:124,sendPasswordResetEmail
FN:153,sendVerificationEmail
FNF:6
FNH:6
FNDA:3,buildInviteHtml
FNDA:3,sendInviteEmail
FNDA:7,layout
FNDA:7,botao
FNDA:2,sendPasswordResetEmail
FNDA:5,sendVerificationEmail
DA:8,4
DA:9,4
DA:16,4
DA:29,3
DA:30,3
DA:75,3
DA:76,3
DA:78,3
DA:88,7
DA:114,7
DA:125,2
DA:126,2
DA:128,2
DA:154,5
DA:156,5
DA:173,4
LF:16
LH:16
BRDA:29,0,0,1
BRDA:29,0,1,2
BRDA:126,1,0,2
BRDA:126,1,1,0
BRDA:139,2,0,0
BRDA:139,2,1,2
BRF:6
BRH:4
end_of_record
TN:
SF:src\services\push.service.js
FN:29,isPushReady
FN:41,sendPushToUser
FNF:2
FNH:2
FNDA:8,isPushReady
FNDA:3,sendPushToUser
DA:9,5
DA:10,5
DA:11,5
DA:15,5
DA:17,5
DA:18,5
DA:19,0
DA:20,0
DA:21,0
DA:22,5
DA:23,0
DA:26,0
DA:30,8
DA:42,3
DA:43,3
DA:48,3
DA:49,0
DA:50,0
DA:55,0
DA:56,0
DA:64,0
DA:68,5
LF:22
LH:12
BRDA:18,0,0,0
BRDA:18,0,1,5
BRDA:18,1,0,5
BRDA:18,1,1,0
BRDA:22,2,0,0
BRDA:22,2,1,5
BRDA:55,3,0,0
BRDA:55,3,1,0
BRF:8
BRH:3
end_of_record
TN:
SF:src\services\sharing.service.js
FN:28,resolveHomeAccess
FNF:1
FNH:1
FNDA:22,resolveHomeAccess
DA:14,5
DA:15,5
DA:18,5
DA:29,22
DA:30,22
DA:33,22
DA:34,11
DA:43,11
DA:49,11
DA:50,4
DA:58,7
DA:61,7
DA:62,7
DA:63,3
DA:72,4
DA:75,5
LF:16
LH:16
BRDA:28,0,0,0
BRDA:33,1,0,11
BRDA:33,1,1,11
BRDA:33,2,0,22
BRDA:33,2,1,13
BRDA:49,3,0,4
BRDA:49,3,1,7
BRDA:61,4,0,2
BRDA:61,4,1,5
BRDA:62,5,0,3
BRDA:62,5,1,4
BRF:11
BRH:10
end_of_record
TN:
SF:src\services\tuya.service.js
FN:17,makeSign
FN:22,sha256
FN:38,getToken
FN:73,tuyaRequest
FN:110,getUserTuya
FNF:5
FNH:5
FNDA:41,makeSign
FNDA:41,sha256
FNDA:21,getToken
FNDA:21,tuyaRequest
FNDA:25,getUserTuya
DA:10,5
DA:11,5
DA:12,5
DA:13,5
DA:14,5
DA:18,41
DA:23,41
DA:31,5
DA:39,21
DA:40,21
DA:42,21
DA:44,21
DA:46,21
DA:55,21
DA:56,0
DA:59,20
DA:63,20
DA:74,21
DA:75,20
DA:77,20
DA:78,20
DA:79,20
DA:82,20
DA:84,20
DA:99,15
DA:100,15
DA:111,25
DA:112,25
DA:113,24
DA:114,5
DA:116,19
DA:119,19
DA:122,5
LF:33
LH:32
BRDA:23,0,0,41
BRDA:23,0,1,31
BRDA:40,1,0,0
BRDA:40,1,1,21
BRDA:40,2,0,21
BRDA:40,2,1,0
BRDA:55,3,0,0
BRDA:55,3,1,20
BRDA:73,4,0,10
BRDA:78,5,0,2
BRDA:78,5,1,18
BRDA:79,6,0,10
BRDA:79,6,1,10
BRDA:96,7,0,20
BRDA:96,7,1,10
BRDA:113,8,0,5
BRDA:113,8,1,19
BRF:17
BRH:14
end_of_record
TN:
SF:src\utils\email.js
FN:16,normalizeEmail
FN:28,isValidEmail
FNF:2
FNH:2
FNDA:246,normalizeEmail
FNDA:19,isValidEmail
DA:17,246
DA:18,233
DA:19,233
DA:29,19
DA:30,19
DA:31,17
DA:34,6
LF:7
LH:7
BRDA:17,0,0,13
BRDA:17,0,1,233
BRDA:19,1,0,231
BRDA:19,1,1,2
BRDA:30,2,0,2
BRDA:30,2,1,17
BRF:6
BRH:6
end_of_record
TN:
SF:src\utils\http.js
FN:14,asyncHandler
FN:15,(anonymous_1)
FN:16,(anonymous_2)
FN:31,clientIp
FN:43,httpError
FNF:5
FNH:4
FNDA:136,asyncHandler
FNDA:137,(anonymous_1)
FNDA:13,(anonymous_2)
FNDA:14,clientIp
FNDA:0,httpError
DA:15,136
DA:16,137
DA:17,13
DA:18,13
DA:19,13
DA:32,14
DA:33,14
DA:34,1
DA:36,13
DA:44,0
DA:45,0
DA:46,0
DA:49,4
LF:13
LH:10
BRDA:18,0,0,0
BRDA:18,0,1,13
BRDA:19,1,0,13
BRDA:19,1,1,13
BRDA:33,2,0,1
BRDA:33,2,1,13
BRDA:33,3,0,14
BRDA:33,3,1,1
BRDA:36,4,0,13
BRDA:36,4,1,0
BRF:10
BRH:8
end_of_record
